
############################## START ANALYSIS: https://www.marpravda.ru/news/finansy/korporativnyy-kreditnyy-portfel-sberbanka-v-mariy-el-prevysil-16-mlrd-rubley/ ##############################

[CHECKING JSON-LD]
Элемент не появился после 3 секунд, пробуем поиск по XPath
Поиск по XPath:
   -> No JSON-LD found
Скриншот сохранён
############################## END ANALYSIS ##############################


############################## START ANALYSIS: https://www.marpravda.ru/news/finansy/volgo-vyatskiy-bank-sberbanka-obedinil-bolee-2-4-tysyach-volonterov/ ##############################

[CHECKING JSON-LD]
Элемент не появился после 3 секунд, пробуем поиск по XPath
Поиск по XPath:
   -> No JSON-LD found
Скриншот сохранён
############################## END ANALYSIS ##############################


############################## START ANALYSIS: https://www.profinance.ru/news2/2025/12/05/chy3-sberbank-dal-prognoz-po-rublyu-na-neskolko-mesyatsev.html ##############################

[CHECKING JSON-LD]
Элемент не появился после 3 секунд, пробуем поиск по XPath
Поиск по XPath:
   -> No JSON-LD found
Скриншот сохранён
############################## END ANALYSIS ##############################


############################## START ANALYSIS: https://oblast45.ru/publication/79776 ##############################

[CHECKING JSON-LD]
Элемент не появился после 3 секунд, пробуем поиск по XPath
Поиск по XPath:
   -> No JSON-LD found
Скриншот сохранён
############################## END ANALYSIS ##############################


############################## START ANALYSIS: https://www.novostiitkanala.ru/news/detail.php?ID=192816 ##############################

[CHECKING JSON-LD]
Элемент не появился после 3 секунд, пробуем поиск по XPath
Поиск по XPath:
   -> No JSON-LD found
Скриншот сохранён
############################## END ANALYSIS ##############################


############################## START ANALYSIS: https://www.finam.ru/publications/item/sokrashchennye-rezultaty-sbera-po-rsbu-za-11-mesyatsev-vyydut-9-dekabrya-20251209-0843/ ##############################

[CHECKING JSON-LD]
Элемент не появился после 3 секунд, пробуем поиск по XPath
Поиск по XPath:
   -> No JSON-LD found
Скриншот сохранён
############################## END ANALYSIS ##############################


############################## START ANALYSIS: https://www.profinance.ru/news2/2025/12/09/chze-sberbank-dal-prognoz-kursa-dollara-k-rublyu-na-konets-2026-goda-.html ##############################

[CHECKING JSON-LD]
Элемент не появился после 3 секунд, пробуем поиск по XPath
Поиск по XPath:
   -> No JSON-LD found
Скриншот сохранён
############################## END ANALYSIS ##############################


############################## START ANALYSIS: https://www.profinance.ru/news2/2025/12/09/chzd-sberbank-zhdet-ralli-rossijskikh-aktsij-v-techenie-predstoyaschego-goda.html ##############################

[CHECKING JSON-LD]
Элемент не появился после 3 секунд, пробуем поиск по XPath
Поиск по XPath:
   -> No JSON-LD found
Скриншот сохранён
############################## END ANALYSIS ##############################


############################## START ANALYSIS: https://www.finversia.ru/publication/sberbank-otchitalsya-luchshe-rynka-161057 ##############################

[SELECTOR: .date] - found 5 elements | date: Элементы даты не найдены на https://news.google.com/rss/articles/CBMihAFBVV95cUxPVmRCMXlSODZ5dkxOcWEwNkFwSklmN3psZktRdDJETThXTGRBQWN3YXJSbi1wVXltS2FncWZ0bTFOV2RkNkc2YjU4bkFKSmFMeG15Y24xa2E0SUJINXM4YkctNi1DMmJkVmtGS2R1NUdNU2hrWFRFYnV2a0Q2RXY5NWUzVUc?oc=5&hl=en-US&gl=US&ceid=US:en
   -> TEXT: '09.12.2025 | 18:47' | STATUS: MATCHED_DATEUTIL | INFO: fuzzy_parser | DATE Элементы даты не найдены на https://news.google.com/rss/articles/CBMihAFBVV95cUxPVmRCMXlSODZ5dkxOcWEwNkFwSklmN3psZktRdDJETThXTGRBQWN3YXJSbi1wVXltS2FncWZ0bTFOV2RkNkc2YjU4bkFKSmFMeG15Y24xa2E0SUJINXM4YkctNi1DMmJkVmtGS2R1NUdNU2hrWFRFYnV2a0Q2RXY5NWUzVUc?oc=5&hl=en-US&gl=US&ceid=US:en
   -> ATTR_DATETIME: [EMPTY]
   -> ATTR_CONTENT: [EMPTY]
   -> TEXT: '9.03.2026' | STATUS: MATCHED_DATEUTIL | INFO: fuzzy_parser | DATE Элементы даты не найдены на https://news.google.com/rss/articles/CBMihAFBVV95cUxPVmRCMXlSODZ5dkxOcWEwNkFwSklmN3psZktRdDJETThXTGRBQWN3YXJSbi1wVXltS2FncWZ0bTFOV2RkNkc2YjU4bkFKSmFMeG15Y24xa2E0SUJINXM4YkctNi1DMmJkVmtGS2R1NUdNU2hrWFRFYnV2a0Q2RXY5NWUzVUc?oc=5&hl=en-US&gl=US&ceid=US:en
   -> ATTR_DATETIME: [EMPTY]
   -> ATTR_CONTENT: [EMPTY]
   -> TEXT: '11.03.2026' | STATUS: MATCHED_DATEUTIL | INFO: fuzzy_parser | DATE Элементы даты не найдены на https://news.google.com/rss/articles/CBMihAFBVV95cUxPVmRCMXlSODZ5dkxOcWEwNkFwSklmN3psZktRdDJETThXTGRBQWN3YXJSbi1wVXltS2FncWZ0bTFOV2RkNkc2YjU4bkFKSmFMeG15Y24xa2E0SUJINXM4YkctNi1DMmJkVmtGS2R1NUdNU2hrWFRFYnV2a0Q2RXY5NWUzVUc?oc=5&hl=en-US&gl=US&ceid=US:en
   -> ATTR_DATETIME: [EMPTY]
   -> ATTR_CONTENT: [EMPTY]
   -> TEXT: '11.03.2026' | STATUS: MATCHED_DATEUTIL | INFO: fuzzy_parser | DATE Элементы даты не найдены на https://news.google.com/rss/articles/CBMihAFBVV95cUxPVmRCMXlSODZ5dkxOcWEwNkFwSklmN3psZktRdDJETThXTGRBQWN3YXJSbi1wVXltS2FncWZ0bTFOV2RkNkc2YjU4bkFKSmFMeG15Y24xa2E0SUJINXM4YkctNi1DMmJkVmtGS2R1NUdNU2hrWFRFYnV2a0Q2RXY5NWUzVUc?oc=5&hl=en-US&gl=US&ceid=US:en
   -> ATTR_DATETIME: [EMPTY]
   -> ATTR_CONTENT: [EMPTY]
   -> TEXT: '12.03.2026' | STATUS: MATCHED_DATEUTIL | INFO: fuzzy_parser | DATE Элементы даты не найдены на https://news.google.com/rss/articles/CBMihAFBVV95cUxPVmRCMXlSODZ5dkxOcWEwNkFwSklmN3psZktRdDJETThXTGRBQWN3YXJSbi1wVXltS2FncWZ0bTFOV2RkNkc2YjU4bkFKSmFMeG15Y24xa2E0SUJINXM4YkctNi1DMmJkVmtGS2R1NUdNU2hrWFRFYnV2a0Q2RXY5NWUzVUc?oc=5&hl=en-US&gl=US&ceid=US:en
   -> ATTR_DATETIME: [EMPTY]
   -> ATTR_CONTENT: [EMPTY]

[CHECKING JSON-LD]
Элемент не появился после 3 секунд, пробуем поиск по XPath
Поиск по XPath:
   -> No JSON-LD found
Скриншот сохранён
############################## END ANALYSIS ##############################


############################## START ANALYSIS: https://www.profinance.ru/news2/2025/12/11/ci0c-sberbank-prosit-u-banka-rossii-razresheniya-na-raschety-stejblkoinami-v-rossii.html ##############################

[CHECKING JSON-LD]
Элемент не появился после 3 секунд, пробуем поиск по XPath
Поиск по XPath:
   -> No JSON-LD found
Скриншот сохранён
############################## END ANALYSIS ##############################


############################## START ANALYSIS: https://archi.ru/projects/russia/20568/ofis-srednerusskogo-banka-sberbanka-v-sbersiti ##############################

[CHECKING JSON-LD]
Элемент не появился после 3 секунд, пробуем поиск по XPath
Поиск по XPath:
   -> No JSON-LD found
Скриншот сохранён
############################## END ANALYSIS ##############################


############################## START ANALYSIS: https://www.moex.com/n96025 ##############################

[CHECKING JSON-LD]
Элемент не появился после 3 секунд, пробуем поиск по XPath
Поиск по XPath:
   -> No JSON-LD found
Скриншот сохранён
############################## END ANALYSIS ##############################


############################## START ANALYSIS: https://newslab.ru/news/1392063 ##############################

[CHECKING JSON-LD]
Элемент не появился после 3 секунд, пробуем поиск по XPath
Поиск по XPath:
   -> No JSON-LD found
Скриншот сохранён
############################## END ANALYSIS ##############################


############################## START ANALYSIS: https://www.finam.ru/publications/item/10-dekabrya-sber-provedet-den-investora-20251210-0430/ ##############################

[CHECKING JSON-LD]
Элемент не появился после 3 секунд, пробуем поиск по XPath
Поиск по XPath:
   -> No JSON-LD found
Скриншот сохранён
############################## END ANALYSIS ##############################


############################## START ANALYSIS: https://www.evening-kazan.ru/obshhestvo/news/otkryvaya-gorizonty-vozmozhnostey-opredeleny-laureaty-nauchnoy-premii-sbera ##############################

[CHECKING JSON-LD]
Элемент найден после ожидания
Длина текста: 6118
Подстрока 'application/ld+json' присутствует в page_source
Поиск по CSS_SELECTOR:
 Тип JSON-LD: <class 'dict'>
   -> Raw JSON-LD: {'@context': 'https://schema.org', '@graph': [{'@type': 'Organization', '@id': 'https://evening-kazan.ru#organization', 'name': 'Вечерняя Казань', 'url': 'https://evening-kazan.ru', 'logo': {'@type': 'ImageObject', '@id': 'https://evening-kazan.ru#logo', 'url': 'https://evening-kazan.ru/logo.png', 'width': 512, 'height': 512, 'caption': 'Вечерняя Казань'}, 'image': {'@id': 'https://evening-kazan.ru#logo'}, 'sameAs': ['https://t.me/eveningkzn', 'https://www.youtube.com/@Evening-Kazan', 'https://vk.com/public27450178', 'https://dzen.ru/evening-kazan.ru', 'https://ok.ru/eveningkazan', 'https://rutube.ru/channel/31305174/']}, {'@type': 'WebSite', '@id': 'https://evening-kazan.ru#website', 'url': 'https://evening-kazan.ru', 'name': 'Вечерняя Казань', 'publisher': {'@id': 'https://evening-kazan.ru#organization'}, 'potentialAction': {'@type': 'SearchAction', 'target': 'https://evening-kazan.ru/search-results?q={search_term_string}', 'query-input': 'required name=search_term_string'}}, {'@type': 'ImageObject', '@id': 'https://www.evening-kazan.ru/obshhestvo/news/otkryvaya-gorizonty-vozmozhnostey-opredeleny-laureaty-nauchnoy-premii-sbera#primaryimage', 'url': 'https://f78e1a6a-ca4c-458a-b3f0-9f53a2bad2a5.selstorage.ru/2025-12-10/sEBH6NYwKQpTCC1o.jpeg', 'width': 512, 'height': 512}, {'@type': 'WebPage', '@id': 'https://www.evening-kazan.ru/obshhestvo/news/otkryvaya-gorizonty-vozmozhnostey-opredeleny-laureaty-nauchnoy-premii-sbera#webpage', 'url': 'https://www.evening-kazan.ru/obshhestvo/news/otkryvaya-gorizonty-vozmozhnostey-opredeleny-laureaty-nauchnoy-premii-sbera', 'inLanguage': 'ru-RU', 'name': 'Открывая горизонты возможностей: определены лауреаты Научной премии Сбера', 'isPartOf': {'@id': 'https://evening-kazan.ru#website'}, 'primaryImageOfPage': {'@id': 'https://www.evening-kazan.ru/obshhestvo/news/otkryvaya-gorizonty-vozmozhnostey-opredeleny-laureaty-nauchnoy-premii-sbera#primaryimage'}, 'datePublished': '2025-12-10T17:16:00+03:00', 'dateModified': '2025-12-10T17:16:00+03:00', 'description': 'Общий призовой фонд премии этого года превысил 100 миллионов рублей.'}, {'@type': 'Article', '@id': 'https://www.evening-kazan.ru/obshhestvo/news/otkryvaya-gorizonty-vozmozhnostey-opredeleny-laureaty-nauchnoy-premii-sbera#article', 'isPartOf': {'@id': 'https://www.evening-kazan.ru/obshhestvo/news/otkryvaya-gorizonty-vozmozhnostey-opredeleny-laureaty-nauchnoy-premii-sbera#webpage'}, 'author': {'@id': 'https://evening-kazan.ru/#/schema/person/23'}, 'headline': 'Открывая горизонты возможностей: определены лауреаты Научной премии Сбера', 'datePublished': '2025-12-10T17:16:00+03:00', 'dateModified': '2025-12-10T17:16:00+03:00', 'mainEntityOfPage': {'@id': 'https://www.evening-kazan.ru/obshhestvo/news/otkryvaya-gorizonty-vozmozhnostey-opredeleny-laureaty-nauchnoy-premii-sbera#webpage'}, 'publisher': {'@id': 'https://evening-kazan.ru#organization'}, 'image': {'@id': 'https://www.evening-kazan.ru/obshhestvo/news/otkryvaya-gorizonty-vozmozhnostey-opredeleny-laureaty-nauchnoy-premii-sbera#primaryimage'}, 'commentCount': 0}, {'@type': 'Person', '@id': 'https://evening-kazan.ru/#/schema/person/23', 'name': '«Вечерняя Казань»', 'url': 'https://evening-kazan.ru', 'jobTitle': 'Автор', 'worksFor': {'@type': 'Organization', '@id': 'https://evening-kazan.ru#organization', 'name': 'Вечерняя Казань'}}]}
############################## END ANALYSIS ##############################


############################## START ANALYSIS: https://ku66.ru/news/proisshestviya/znala_parol_ot_sberbanka_v_kamenske_uralskom_podruga_pokhitila_vyplatu_za_pogibshego_na_svo/ ##############################

[CHECKING JSON-LD]
Элемент не появился после 3 секунд, пробуем поиск по XPath
Поиск по XPath:
   -> No JSON-LD found
Скриншот сохранён
############################## END ANALYSIS ##############################


############################## START ANALYSIS: https://primpress.ru/article/129387 ##############################

[CHECKING JSON-LD]
Элемент не появился после 3 секунд, пробуем поиск по XPath
Поиск по XPath:
   -> No JSON-LD found
Скриншот сохранён
############################## END ANALYSIS ##############################


############################## START ANALYSIS: https://bankstoday.net/last-news/krupnye-kredity-dlya-chelyabinskoy-oblasti-podderzhka-ot-sberbanka-i-t-banka ##############################

[CHECKING JSON-LD]
Элемент найден после ожидания
Длина текста: 2274
Подстрока 'application/ld+json' присутствует в page_source
Поиск по CSS_SELECTOR:
 Тип JSON-LD: <class 'dict'>
   -> Raw JSON-LD: {'@context': 'https://schema.org', '@type': 'WebPage', 'mainEntity': {'@type': 'NewsArticle', 'url': 'https://bankstoday.net/last-news/krupnye-kredity-dlya-chelyabinskoy-oblasti-podderzhka-ot-sberbanka-i-t-banka', 'headline': 'Крупные кредиты для Челябинской области: поддержка от Сбербанка и Т‑Банка', 'description': 'Предоставление крупных кредитов Челябинской области от ведущих банков является важным шагом в поддержке региональной экономики. Это соглашение демонстрирует готовность банковского сектора активно участвовать в решении финансовых проблем регионов, что в перспективе укрепит доверие к банковской системе и повысит её роль в экономическом развитии страны.', 'dateCreated': '2025-12-15T14:18:46+03:00', 'datePublished': '2025-12-15T14:18:46+03:00', 'dateModified': '2025-12-15T14:19:34+03:00', 'inLanguage': 'ru-RU', 'commentCount': 0, 'author': {'@type': 'Person', 'name': 'Вадим Петренко', 'jobTitle': 'Главный редактор', 'image': {'@type': 'ImageObject', 'image': 'https://secure.gravatar.com/avatar/5a5adbb4f2ddd5429a6c06675a87f371?s=96&d=mm&r=g', 'url': 'https://secure.gravatar.com/avatar/5a5adbb4f2ddd5429a6c06675a87f371?s=96&d=mm&r=g'}, 'url': 'https://bankstoday.net'}, 'image': 'https://bankstoday.net/wp-content/uploads/2025/12/432108-570x380.jpg'}}
############################## END ANALYSIS ##############################


############################## START ANALYSIS: https://primorye24.ru/news/post/211338-sberbank-i-t-bank-zapustyat-perevody-po-qr-kodu-bez-spb ##############################

[CHECKING JSON-LD]
Элемент не появился после 3 секунд, пробуем поиск по XPath
Поиск по XPath:
   -> No JSON-LD found
Скриншот сохранён
############################## END ANALYSIS ##############################


############################## START ANALYSIS: https://ludiipoteki.ru/news/index/section/company-news/entry/sberbank-snijaet-stavki-po-ipoteke-dek-2025 ##############################

[CHECKING JSON-LD]
Элемент не появился после 3 секунд, пробуем поиск по XPath
Поиск по XPath:
   -> No JSON-LD found
Скриншот сохранён
############################## END ANALYSIS ##############################


############################## START ANALYSIS: https://ku66.ru/news/proisshestviya/znala_parol_ot_sberbanka_v_kamenske_uralskom_podruga_pokhitila_vyplatu_za_pogibshego_na_svo/ ##############################

[CHECKING JSON-LD]
Элемент не появился после 3 секунд, пробуем поиск по XPath
Поиск по XPath:
   -> No JSON-LD found
Скриншот сохранён
############################## END ANALYSIS ##############################


############################## START ANALYSIS: https://oblast45.ru/publication/80106 ##############################

[CHECKING JSON-LD]
Элемент не появился после 3 секунд, пробуем поиск по XPath
Поиск по XPath:
   -> No JSON-LD found
Скриншот сохранён
############################## END ANALYSIS ##############################


############################## START ANALYSIS: https://primpress.ru/article/129428 ##############################

[CHECKING JSON-LD]
Элемент не появился после 3 секунд, пробуем поиск по XPath
Поиск по XPath:
   -> No JSON-LD found
Скриншот сохранён
############################## END ANALYSIS ##############################


############################## START ANALYSIS: https://primorye24.ru/news/post/211338-sberbank-i-t-bank-zapustyat-perevody-po-qr-kodu-bez-spb ##############################

[CHECKING JSON-LD]
Элемент не появился после 3 секунд, пробуем поиск по XPath
Поиск по XPath:
   -> No JSON-LD found
Скриншот сохранён
############################## END ANALYSIS ##############################


############################## START ANALYSIS: https://rus-kostroma.ru/news/67300_novogodnyaya_kompozitsiya_ot_sberbanka/ ##############################

[CHECKING JSON-LD]
Элемент не появился после 3 секунд, пробуем поиск по XPath
Поиск по XPath:
   -> No JSON-LD found
Скриншот сохранён
############################## END ANALYSIS ##############################


############################## START ANALYSIS: https://ludiipoteki.ru/news/index/section/company-news/entry/sberbank-snijaet-stavki-po-ipoteke-dek-2025 ##############################

[CHECKING JSON-LD]
Элемент не появился после 3 секунд, пробуем поиск по XPath
Поиск по XPath:
   -> No JSON-LD found
Скриншот сохранён
############################## END ANALYSIS ##############################


############################## START ANALYSIS: https://oblast45.ru/publication/80106 ##############################

[CHECKING JSON-LD]
Элемент не появился после 3 секунд, пробуем поиск по XPath
Поиск по XPath:
   -> No JSON-LD found
Скриншот сохранён
############################## END ANALYSIS ##############################


############################## START ANALYSIS: https://fedresurs.ru/news/b42038bc-cb66-45f2-881f-5011806f0b25 ##############################

[SELECTOR: .time] - found 1 elements | date: Элементы даты не найдены на https://news.google.com/rss/articles/CBMib0FVX3lxTE5FclR1QXptU2E0ZVJnMTZSNTBaVnYxYnd5UUlSYlg0SzZvQ2YxdVVBMWFMT1c0eEpCMzMyRHJPQW5YYUhEdnc2Z1U4R1JJRVRqVkotc0hGX1hiZ1oxQjlwY2dobmNfWUQ4UHUtOGVhZw?oc=5&hl=en-US&gl=US&ceid=US:en
   -> TEXT: 'Время работы:
с 7 до 21 часов, пн. – пт.' | STATUS: MATCHED_DATEUTIL | INFO: fuzzy_parser | DATE Элементы даты не найдены на https://news.google.com/rss/articles/CBMib0FVX3lxTE5FclR1QXptU2E0ZVJnMTZSNTBaVnYxYnd5UUlSYlg0SzZvQ2YxdVVBMWFMT1c0eEpCMzMyRHJPQW5YYUhEdnc2Z1U4R1JJRVRqVkotc0hGX1hiZ1oxQjlwY2dobmNfWUQ4UHUtOGVhZw?oc=5&hl=en-US&gl=US&ceid=US:en
   -> ATTR_DATETIME: [EMPTY]
   -> ATTR_CONTENT: [EMPTY]

[CHECKING JSON-LD]
Элемент не появился после 3 секунд, пробуем поиск по XPath
Поиск по XPath:
   -> No JSON-LD found
Скриншот сохранён
############################## END ANALYSIS ##############################


############################## START ANALYSIS: https://www.garant.ru/company/about/press/news/1937069/ ##############################

[CHECKING JSON-LD]
Элемент не появился после 3 секунд, пробуем поиск по XPath
Поиск по XPath:
   -> No JSON-LD found
Скриншот сохранён
############################## END ANALYSIS ##############################


############################## START ANALYSIS: https://rus-kostroma.ru/news/67300_novogodnyaya_kompozitsiya_ot_sberbanka/ ##############################

[CHECKING JSON-LD]
Элемент не появился после 3 секунд, пробуем поиск по XPath
Поиск по XPath:
   -> No JSON-LD found
Скриншот сохранён
############################## END ANALYSIS ##############################


############################## START ANALYSIS: https://fedresurs.ru/news/b42038bc-cb66-45f2-881f-5011806f0b25 ##############################

[CHECKING JSON-LD]
Элемент не появился после 3 секунд, пробуем поиск по XPath
Поиск по XPath:
   -> No JSON-LD found
Скриншот сохранён
############################## END ANALYSIS ##############################


############################## START ANALYSIS: https://bankiros.ru/wiki/term/so-skolki-let-daut-kredit-v-sberbanke ##############################

[CHECKING JSON-LD]
Элемент найден после ожидания
Длина текста: 5983
Подстрока 'application/ld+json' присутствует в page_source
Поиск по CSS_SELECTOR:
 Тип JSON-LD: <class 'dict'>
   -> Raw JSON-LD: {'@context': 'http://schema.org', '@type': 'FAQPage', 'mainEntity': [{'@type': 'Question', 'name': 'Со скольки лет можно оформить кредитную карту', 'acceptedAnswer': {'@type': 'Answer', 'text': 'Этот вопрос всегда интересует молодых граждан. Им сложнее всего получить деньги, так как слишком мало банков лояльны к ним.'}}, {'@type': 'Question', 'name': 'До скольки лет дают кредит пенсионерам в Сбербанке?', 'acceptedAnswer': {'@type': 'Answer', 'text': 'Банк довольно лояльно относится к пенсионерам и лицам предпенсионного возраста, поэтому в программах кредитования могут участвовать люди до 70, а иногда и до 80 лет.'}}]}
 Тип JSON-LD: <class 'dict'>
   -> Raw JSON-LD: {'@context': 'http://schema.org', '@type': 'BreadcrumbList', 'itemListElement': [{'@type': 'ListItem', 'position': 1, 'name': 'Главная', 'item': 'https://bankiros.ru'}, {'@type': 'ListItem', 'position': 2, 'name': 'Словарь банковских терминов', 'item': 'https://bankiros.ru/wiki'}, {'@type': 'ListItem', 'position': 3, 'name': 'Со скольки лет дают кредит в Сбербанке', 'item': 'https://bankiros.ru/wiki/term/so-skolki-let-daut-kredit-v-sberbanke'}]}
 Тип JSON-LD: <class 'dict'>
   -> Raw JSON-LD: {'@context': 'http://schema.org', '@type': 'Article', 'mainEntityOfPage': {'@type': 'WebPage', '@id': 'https://bankiros.ru/wiki/term/so-skolki-let-daut-kredit-v-sberbanke'}, 'url': 'https://bankiros.ru/wiki/term/so-skolki-let-daut-kredit-v-sberbanke', 'datePublished': '2017-08-24T17:44:30+03:00', 'dateModified': '2025-12-23T10:52:05+03:00', 'headline': 'Со скольки лет дают кредит в Сбербанке', 'articleBody': 'В любой кредитной организации руководство стремится снизить риски невозвратности. Поэтому они тщательно проверяют каждого клиента, который хочет получить деньги в долг. С особенным вниманием и недоверием они относятся к молодым клиентам, у которых пока нет стажа или он слишком маленький. Давайте разберемся, кто может получить кредит и как это сделать.\r\n\r\nОсновные ограничения -  со скольки лет дают кредит в Сбербанке\r\n\r\n\t\r\n\t\r\n\r\nВ любой кредитной организации руководство стремится снизить риски невозвратности. Тщательная проверка каждого клиента — стандарт индустрии. К молодым заемщикам (18–21 год) банки долгое время относились с недоверием из-за отсутствия стажа или кредитной истории, однако в 2025 году подходы Сбербанка стали значительно лояльнее.\r\n\r\nОфициально кредитные продукты доступны гражданам РФ уже с 18 лет. В 2025 году Сбербанк активно развивает молодежное направление, предлагая специальные условия для клиентов до 25 лет.\r\n\r\nОсновные виды кредитов для молодежи:\r\n\r\n\r\n\tКредитные карты (с 18 лет): Самый простой способ начать кредитную историю. Лимиты могут быть небольшими, но требования к стажу минимальны.\r\n\tПотребительский кредит без обеспечения (с 18 лет): Сбербанк позволяет взять деньги на любые цели при наличии официального дохода. Если вы получаете зарплату на карту банка, решение принимается быстро, а сумма может быть значительно выше 10 000 рублей.\r\n\tИпотека (с 18 лет): В 2025 году молодежь может оформить жилищный кредит, в том числе по льготным программам. Минимальный стаж работы на текущем месте для ипотеки снижен до 3 месяцев.\r\n\tКредит под залог недвижимости (с 18 лет): Самый высокий шанс одобрения и более низкая ставка (от 19,4% в конце 2025 года после снижения ключевой ставки), так как банк получает гарантию возврата средств. \r\n\r\nКлючевые требования и ограничения в 2025 году:\r\n\r\n\r\n\tТрудовой стаж:\r\n\r\n\r\n\tДля зарплатных клиентов — от 1 месяца на текущем месте.\r\n\tДля остальных — от 6 месяцев на текущем месте и не менее 1 года общего стажа за последние 5 лет.\r\n\r\n\r\n\tПодтверждение дохода: При сумме до 600 000 рублей зарплатным клиентам справки часто не требуются. Для остальных обязательна выписка из ПФР или справка о доходах.\r\n\t\r\n\tКредитная история: Для 18-летних она может отсутствовать («чистый лист»), что банк учитывает при расчете лимита.\r\n\t\r\n\tПроцентные ставки: В конце 2025 года минимальные ставки по потребкредитам в Сбере начинаются от 19,4% годовых.\r\n\t\r\n\r\nРезюме: В 2025 году возраст 18 лет перестал быть препятствием для получения полноценного кредита или ипотеки в Сбербанке. Главные условия успеха — наличие официальной работы со стажем от 3 месяцев и отсутствие высокой долговой нагрузки (ПДН).\r\n\r\nСо скольки лет можно оформить кредитную карту\r\nЭтот вопрос всегда интересует молодых граждан. Им сложнее всего получить деньги, так как слишком мало банков лояльны к ним.\r\n\r\nПо законам РФ право оформить кредит есть у всех граждан старше 18 лет. То есть уже на следующий день можно отправляться за кредиткой.\r\n\r\nНа официальном сайте банка можно найти сноску, что получить кредитную карту могут  лица от 18 года. Кроме того, нужно быть постоянно или временно прописанным на территории страны.\r\n\r\nРешение о том, выдать кредитную карту или нет, каждый банк принимает индивидуально для каждого заемщика.\r\n\r\nСо скольки лет дают ипотеку\r\nЗдесь принцип тот же, что и при выдаче кредиток. Официально по закону можно получить ипотеку с 18 лет. Но фактически «Сбербанк» сам устанавливает правила и выдвигает требование к клиенту - быть не младше 18 лет на момент получения ипотеки и не старше 75 лет на момент ее выплаты.\r\n\r\nДля одобрения достаточно иметь стаж на текущем месте работы от 3 месяцев. Общий стаж за последние 5 лет должен быть не менее 1 года (для зарплатных клиентов требования могут быть еще мягче).\r\n\r\nПодтверждение дохода: Остается обязательным условием для классической ипотеки. Однако при использовании программы «Ипотека по двум документам» (без справки о доходах) минимальный возраст заемщика в некоторых случаях все еще может быть выше (от 21 года).\r\n\r\nПодтверждение дохода: Остается обязательным условием для классической ипотеки. Однако при использовании программы «Ипотека по двум документам» (без справки о доходах) минимальный возраст заемщика в некоторых случаях все еще может быть выше (от 21 года).\r\n\r\nДо какого возраста дают кредит в Сбербанке\r\nЭто зависит от программы, в которой хочет участвовать клиент. Часть кредитных программ допускает получение кредита лицам не старше 70 лет, а часть - не старше 80 лет на момент возврата кредита. Давайте рассмотрим, что сейчас актуально.\r\n\r\nДо какого возраста дают кредит в Сбербанке в зависимости от программы кредитования\r\n\r\n\r\n\t\r\n\t\tВозраст\r\n\t\t\r\n\t\r\n\t\r\n\t\tНазвание продукта\r\n\t\t\r\n\t\r\n\r\n\r\n\t\r\n\t\t80 лет\r\n\t\t\r\n\t\r\n\t\r\n\t\tКредит на любые цели онлайн\r\n\t\t\r\n\t\r\n\r\n\r\n\t\r\n\t\t75 лет\r\n\t\t\r\n\t\r\n\t\r\n\t\tИпотека на новостройку\r\n\t\t\r\n\t\r\n\r\n\r\n\t\r\n\t\t75 лет\r\n\t\t\r\n\t\r\n\t\r\n\t\tКредит под залог недвижимости\r\n\t\t\r\n\t\r\n\r\n\r\n\t\r\n\t\t70 лет\r\n\t\t\r\n\t\r\n\t\r\n\t\tКредит Деньги до пенсии\r\n\t\t\r\n\t\r\n\r\n\r\n\r\nДо скольки лет дают кредит пенсионерам в Сбербанке?\r\nБанк довольно лояльно относится к пенсионерам и лицам предпенсионного возраста, поэтому в программах кредитования могут участвовать люди до 70, а иногда и до 80 лет.\r\n\r\nОсновное требование, которое банк часто выставляет к таким клиентам - получать зарплату или пенсию на счет в «Сбербанке» или другом банке.\r\n\r\nТакже стоит обратить внимание, что в большинстве выгодных кредитов банк потребует, чтобы на последнем месте работы был стаж не менее полугода, а суммарно за последние 5 лет - не менее года. В противном случае в кредите будет отказано.\r\n\r\nГлавное, чтобы на момент полного погашения кредита человеку было меньше лет, чем максимально возможный возраст для программы. Например, если вам 70 лет, а кредит выдают только до 75, то стоит подавать не более, чем на 4 года, так вероятность получить кредит заметно выше.\r\n\r\nКурсы валют в Сбербанке | Вклады в рублях в Сбербанке | Вклады в валюте в Сбербанке | Отделения Сбербанка | Банкоматы Сбербанка\r\n\r\n\r\nТеперь взять кредит или кредитную карту онлайн стало еще проще. Скачайте и установите мобильное приложение Bankiros.ru в Google Play.В приложении вы можете быстро и бесплатно подобрать кредит или кредитную карту среди самых выгодных предложений, оставить заявку в выбранные банки или отправить единую анкету во все банки в пару кликов.\r\n\r\n', 'author': [{'@type': 'Person', 'name': 'Редакция Bankiros.ru', 'url': 'https://bankiros.ru/authors/redakcia-bankiros', 'worksFor': {'@type': 'Organization', 'name': 'Bankiros.ru'}}], 'publisher': {'@type': 'Organization', 'name': 'Bankiros', 'legalname': 'Bankiros.ru', 'url': 'https://bankiros.ru/', 'foundingDate': '2015', 'sameAs': ['https://vk.com/bankiros', 'https://ok.ru/group/53851113783466', 'https://www.youtube.com/channel/UCbtVfxOLn4kA3tjp9UyckIQ', 'https://dzen.ru/bankiros', 'https://www.linkedin.com/company/bankiros-ru/about/', 'https://play.google.com/store/apps/details?id=com.bankiros', 'https://t.me/bankirosru'], 'logo': {'@type': 'ImageObject', 'url': 'https://static.bankiros.ru/bankiros/images/favicon/logo.png'}}, 'image': {'@type': 'ImageObject', 'url': 'https://static.bankiros.ru/bankiros/images/og-images/1200x630_blue.png', 'height': None, 'width': None}}
НАШЛИ ВРЕМЯ!: 2017-08-24T17:44:30+03:00
############################## END ANALYSIS ##############################


############################## START ANALYSIS: https://bankiros.ru/wiki/term/kak-zablokirovat-kreditnuu-kartu-sberbanka ##############################

[CHECKING JSON-LD]
Элемент найден после ожидания
Длина текста: 6900
Подстрока 'application/ld+json' присутствует в page_source
Поиск по CSS_SELECTOR:
 Тип JSON-LD: <class 'dict'>
   -> Raw JSON-LD: {'@context': 'http://schema.org', '@type': 'FAQPage', 'mainEntity': [{'@type': 'Question', 'name': 'Как заблокировать кредитную карту Сбербанка самостоятельно?', 'acceptedAnswer': {'@type': 'Answer', 'text': 'Для самостоятельной блокировки кредитной карты Сбербанка в 2025 году существует несколько быстрых способов. Выбор зависит от того, есть ли у вас доступ к интернету и мобильному приложению.'}}, {'@type': 'Question', 'name': 'Как разблокировать кредитную карту Сбербанка?', 'acceptedAnswer': {'@type': 'Answer', 'text': 'В 2025 году способ разблокировки кредитной карты Сбербанка напрямую зависит от причины, по которой она была ограничена.'}}]}
 Тип JSON-LD: <class 'dict'>
   -> Raw JSON-LD: {'@context': 'http://schema.org', '@type': 'BreadcrumbList', 'itemListElement': [{'@type': 'ListItem', 'position': 1, 'name': 'Главная', 'item': 'https://bankiros.ru'}, {'@type': 'ListItem', 'position': 2, 'name': 'Словарь банковских терминов', 'item': 'https://bankiros.ru/wiki'}, {'@type': 'ListItem', 'position': 3, 'name': 'Как заблокировать кредитную карту Сбербанка?', 'item': 'https://bankiros.ru/wiki/term/kak-zablokirovat-kreditnuu-kartu-sberbanka'}]}
 Тип JSON-LD: <class 'dict'>
   -> Raw JSON-LD: {'@context': 'http://schema.org', '@type': 'Article', 'mainEntityOfPage': {'@type': 'WebPage', '@id': 'https://bankiros.ru/wiki/term/kak-zablokirovat-kreditnuu-kartu-sberbanka'}, 'url': 'https://bankiros.ru/wiki/term/kak-zablokirovat-kreditnuu-kartu-sberbanka', 'datePublished': '2017-10-25T15:24:37+03:00', 'dateModified': '2025-12-23T10:52:50+03:00', 'headline': 'Как заблокировать кредитную карту Сбербанка?', 'articleBody': '\r\n \r\n Фото: Банкирос \r\nВ 2025 году блокировка кредитной карты Сбера может быть вызвана как стандартными причинами безопасности, так и автоматизированными алгоритмами контроля.\r\n\r\nВот основные ситуации, актуальные на декабрь 2025 года:\r\n\r\n\r\n\tПо инициативе держателя (клиента)\r\n\r\n\r\n\tУтеря или кража: Мгновенная блокировка через мобильное приложение «СберБанк Онлайн» для защиты лимита.\r\n\tКомпрометация данных: Если данные карты (номер, CVV) попали на фишинговый сайт или стали известны посторонним.\r\n\tДобровольное закрытие: При расторжении кредитного договора (карта блокируется сразу, счет закрывается через 30–45 дней).\r\n\r\n\r\n\tПо инициативе Банка (автоматическая или принудительная)\r\n\r\n\r\n\tЗащита от мошенничества (Антифрод): С 2024–2025 гг. Сбер обязан блокировать подозрительные переводы. Если банк видит нетипичную для вас операцию (крупный перевод в новый регион, серийные платежи ночью), карта блокируется до подтверждения вами личности по телефону или биометрии.\r\n\tНарушение условий договора: Систематические просрочки платежей могут привести к блокировке расходных операций по карте — вы сможете только вносить деньги для погашения долга.\r\n\t115-ФЗ (Подозрительные операции): Если кредитка используется для транзита денег, обналичивания крупных сумм или операций, связанных с предпринимательской деятельностью.\r\n\tНеверный PIN-код: После 3-х попыток карта блокируется. В 2025 году восстановить доступ можно почти мгновенно через приложение «СберБанк Онлайн» (сброс ПИН-кода).\r\n\r\n\r\n\tПо требованию третьих лиц и госорганов\r\n\r\n\r\n\tСообщение о находке: Если посторонний сообщил банку, что нашел вашу карту (в банкомате или магазине), она блокируется без возможности разблокировки (только перевыпуск).\r\n\tФССП (Судебные приставы): Приставы накладывают арест на кредитный счет. В 2025 году это одна из самых проблемных ситуаций: кредитный лимит становится недоступен, а любые деньги, которые вы вносите для погашения долга перед банком, могут быть автоматически списаны приставами в счет штрафов или алиментов.\r\n\r\n\r\n\tТехнические и регламентные причины\r\n\r\n\r\n\tИстечение срока действия: Хотя Сбер продлил срок службы многих карт, старые пластиковые карты могут перестать работать в терминалах (при этом счет остается активным).\r\n\tТехнический сбой: Редкая временная блокировка при обновлении банковских систем.\r\n\r\nЧто делать в 2025 году: Если карта заблокирована, первым делом проверьте статус в приложении «СберБанк Онлайн». Там обычно указана причина и кнопка «Разблокировать» (если это возможно без перевыпуска).\r\n\r\nКак заблокировать кредитную карту Сбербанка самостоятельно?\r\nДля самостоятельной блокировки кредитной карты Сбербанка в 2025 году существует несколько быстрых способов. Выбор зависит от того, есть ли у вас доступ к интернету и мобильному приложению.\r\n\r\n\r\n\tЧерез приложение «СберБанк Онлайн» (самый быстрый способ)\r\n\r\nЭто наиболее эффективный метод, позволяющий мгновенно остановить любые операции:\r\n\r\n\r\n\tОткройте приложение и выберите нужную кредитную карту.\r\n\tПерейдите в раздел «Настройки».\r\n\tНажмите кнопку «Заблокировать».\r\n\tВыберите причину (утеря, кража или подозрение на мошенничество).\r\n\r\nСовет: Если вы не уверены, что карта потеряна навсегда, используйте функцию «Заморозить». Это временная блокировка, которую можно снять в любой момент без перевыпуска пластика.\r\n\r\n\r\n\tЧерез СМС-сервис (номер 900)\r\n\r\nЕсли у вас нет интернета, но доступен телефон, к которому привязана карта:\r\n\r\n\r\n\tОтправьте СМС на номер 900 с текстом: БЛОКИРОВКА XXXX (где XXXX — последние 4 цифры номера вашей карты).\r\n\tВ ответ придет СМС с кодом подтверждения и указанием причины блокировки.\r\n\tОтправьте полученный код обратно на номер 900.\r\n\r\n\r\n\tПо звонку в контакт-центр\r\n\r\n\r\n\tПозвоните по короткому номеру 900 (бесплатно с мобильных в РФ).\r\n\tСкажите голосовому помощнику: «Заблокировать карту».\r\n\tРобот либо проведет операцию автоматически, либо переключит на специалиста для подтверждения личности.\r\n\r\n\r\n\tВ личном кабинете на сайте\r\n\t\r\n\r\nЕсли приложения под рукой нет, воспользуйтесь браузером:\r\n\r\n\r\n\tЗайдите на сайт sberbank.ru и авторизуйтесь в личном кабинете.\r\n\t\r\n\tНайдите в списке карт кредитную, нажмите «Операции» или зайдите в настройки карты.\r\n\t\r\n\tВыберите пункт «Заблокировать».\r\n\t\r\n\r\n\r\n\tЛично в отделении банка\r\n\r\nВы можете обратиться в любой офис Сбербанка с паспортом. Сотрудник заблокирует карту и сразу предложит оформить заявление на её перевыпуск.\r\n\r\nВажно помнить:\r\n\r\n\r\n\tБлокировка карты не означает закрытие кредита. Ваши долговые обязательства и проценты (если они есть) сохраняются.\r\n\t\r\n\tЕсли вы заблокировали карту из-за утери или кражи, её нельзя разблокировать — потребуется перевыпуск с новым номером и ПИН-кодом. При этом номер кредитного счета останется прежним.\r\n\r\nКак разблокировать кредитную карту Сбербанка?\r\nВ 2025 году способ разблокировки кредитной карты Сбербанка напрямую зависит от причины, по которой она была ограничена.\r\n\r\n\r\n\tЕсли вы «заморозили» карту сами\r\n\r\nВ современном приложении «СберБанк Онлайн» есть функция временной блокировки (заморозки).\r\n\r\n\r\n\tКак разблокировать: Зайдите в приложение → выберите карту → нажмите «Разморозить». Доступ восстановится мгновенно.\r\n\r\n\r\n\tЕсли трижды неверно введен ПИН-код\r\n\r\n\r\n\tАвтоматически: Карта разблокируется сама через 24 часа.\r\n\t\r\n\tБыстрее: В мобильном приложении попробуйте зайти в настройки карты и выбрать «Установить ПИН-код». После смены кода и подтверждения операции (может потребоваться биометрия или звонок на 900) карта может заработать раньше.\r\n\t\r\n\r\n\r\n\tЕсли карта заблокирована банком (безопасность)\r\n\t\r\n\r\nЕсли Сбербанк заблокировал карту из-за подозрительной операции (антифрод):\r\n\r\n\r\n\tПо звонку: Позвоните по номеру 900. Вам нужно будет подтвердить, что операцию совершали именно вы, ответить на контрольные вопросы или предоставить паспортные данные.\r\n\t\r\n\tЧерез пуш-уведомление: Часто банк присылает уведомление «Это вы совершили операцию?». Нажав «Да», вы можете разблокировать карту автоматически.\r\n\t\r\n\r\n\r\n\tЕсли карта заблокирована по причине «Утеря» или «Кража»\r\n\t\r\n\r\n\r\n\tРазблокировка невозможна. В целях безопасности Сбербанк блокирует такие карты безвозвратно.\r\n\t\r\n\tЧто делать: Вам необходимо заказать перевыпуск. В приложении нажмите «Заблокировать» (если еще не сделали) → «Перевыпустить». Новая цифровая карта появится в приложении сразу, а пластик придет в офис через несколько дней.\r\n\t\r\n\r\n\r\n\tЕсли заблокирован кредитный счет (ФССП или 115-ФЗ)\r\n\t\r\n\r\nЭто самая сложная ситуация, когда заблокирована не «пластиковая карта», а доступ к деньгам.\r\n\r\n\r\n\tПриставы (ФССП): Нужно погасить задолженность, из-за которой наложен арест. После поступления данных от приставов в банк (2–5 дней) счет разблокируется.\r\n\t\r\n\t115-ФЗ: Нужно предоставить в банк документы, подтверждающие легальность ваших операций. Сделать это можно через чат в приложении или лично в отделении.\r\n\t\r\n\r\n\r\n\tВ отделении банка\r\n\t\r\n\r\nЛюбую карту (кроме утерянных) можно попробовать разблокировать, обратившись в офис Сбера с паспортом. Сотрудник проверит причину блокировки и сообщит, возможна ли она в вашем случае.\r\n\r\nВажно: Если заблокирован «пластик», вы все равно можете совершать платежи в интернете или переводы через «СберБанк Онлайн» (если не заблокирован сам счет).\r\n', 'author': [{'@type': 'Person', 'name': 'Редакция Bankiros.ru', 'url': 'https://bankiros.ru/authors/redakcia-bankiros', 'worksFor': {'@type': 'Organization', 'name': 'Bankiros.ru'}}], 'publisher': {'@type': 'Organization', 'name': 'Bankiros', 'legalname': 'Bankiros.ru', 'url': 'https://bankiros.ru/', 'foundingDate': '2015', 'sameAs': ['https://vk.com/bankiros', 'https://ok.ru/group/53851113783466', 'https://www.youtube.com/channel/UCbtVfxOLn4kA3tjp9UyckIQ', 'https://dzen.ru/bankiros', 'https://www.linkedin.com/company/bankiros-ru/about/', 'https://play.google.com/store/apps/details?id=com.bankiros', 'https://t.me/bankirosru'], 'logo': {'@type': 'ImageObject', 'url': 'https://static.bankiros.ru/bankiros/images/favicon/logo.png'}}, 'image': {'@type': 'ImageObject', 'url': 'https://static.bankiros.ru/bankiros/images/og-images/1200x630_blue.png', 'height': None, 'width': None}}
НАШЛИ ВРЕМЯ!: 2017-10-25T15:24:37+03:00
############################## END ANALYSIS ##############################


############################## START ANALYSIS: http://www.vpgazeta.ru/article/147870 ##############################

[CHECKING JSON-LD]
Элемент не появился после 3 секунд, пробуем поиск по XPath
Поиск по XPath:
   -> No JSON-LD found
Скриншот сохранён
############################## END ANALYSIS ##############################


############################## START ANALYSIS: https://vladnews.ru/2025-12-27/261621/sberbank_izmenit ##############################

[CHECKING JSON-LD]
Элемент не появился после 3 секунд, пробуем поиск по XPath
Поиск по XPath:
   -> No JSON-LD found
Скриншот сохранён
############################## END ANALYSIS ##############################


############################## START ANALYSIS: https://bankstoday.net/last-news/snizhenie-ipotechnyh-stavok-v-2026-godu-prognozy-sberbanka-i-globalnye-trendy ##############################

[CHECKING JSON-LD]
Элемент найден после ожидания
Длина текста: 2727
Подстрока 'application/ld+json' присутствует в page_source
Поиск по CSS_SELECTOR:
 Тип JSON-LD: <class 'dict'>
   -> Raw JSON-LD: {'@context': 'https://schema.org', '@type': 'WebPage', 'mainEntity': {'@type': 'NewsArticle', 'url': 'https://bankstoday.net/last-news/snizhenie-ipotechnyh-stavok-v-2026-godu-prognozy-sberbanka-i-globalnye-trendy', 'headline': 'Снижение ипотечных ставок в 2026 году: прогнозы Сбербанка и глобальные тренды', 'description': 'Ожидания снижения ставок в 2026 году создают благоприятные условия для потенциальных заёмщиков и могут стать катализатором роста на рынке недвижимости. Однако, важно учитывать возможные экономические колебания и сохранять осторожность в долгосрочных прогнозах.', 'dateCreated': '2025-12-26T19:07:27+03:00', 'datePublished': '2025-12-26T19:07:27+03:00', 'dateModified': '2025-12-26T19:08:12+03:00', 'inLanguage': 'ru-RU', 'commentCount': 0, 'author': {'@type': 'Person', 'name': 'Вадим Петренко', 'jobTitle': 'Главный редактор', 'image': {'@type': 'ImageObject', 'image': 'https://secure.gravatar.com/avatar/5a5adbb4f2ddd5429a6c06675a87f371?s=96&d=mm&r=g', 'url': 'https://secure.gravatar.com/avatar/5a5adbb4f2ddd5429a6c06675a87f371?s=96&d=mm&r=g'}, 'url': 'https://bankstoday.net'}, 'image': 'https://bankstoday.net/wp-content/uploads/2025/12/761-570x380.jpg'}}
############################## END ANALYSIS ##############################


############################## START ANALYSIS: https://tkgorod.ru/news/polmilliarda-rublei-v-dolg-bratsku-dast-sberbank-51711/ ##############################

[CHECKING JSON-LD]
Элемент не появился после 3 секунд, пробуем поиск по XPath
Поиск по XPath:
   -> No JSON-LD found
Скриншот сохранён
############################## END ANALYSIS ##############################


############################## START ANALYSIS: https://v-kurse-voronezh.ru/live-novosti/85563 ##############################

[CHECKING JSON-LD]
Элемент не появился после 3 секунд, пробуем поиск по XPath
Поиск по XPath:
   -> No JSON-LD found
Скриншот сохранён
############################## END ANALYSIS ##############################


############################## START ANALYSIS: https://primorye24.ru/news/post/211868-sberbank-izmenit-usloviya-obsluzhivaniya-platezhnyh-schetov ##############################

[CHECKING JSON-LD]
Элемент не появился после 3 секунд, пробуем поиск по XPath
Поиск по XPath:
   -> No JSON-LD found
Скриншот сохранён
############################## END ANALYSIS ##############################


############################## START ANALYSIS: https://www.news29.ru/m/obschestvo/Sberbank_prodolzhaet_vydavat_obnovlennuju_Arkticheskuju_ipoteku_/109883 ##############################

[SELECTOR: .date] - found 8 elements | date: Элементы даты не найдены на https://news.google.com/rss/articles/CBMiqgFBVV95cUxQb1BwcTR1bS1LRVhaNHhnNkN5UGVxaXR0azFYMDEzVGxlYjE0Z3FubGpoSDVhcVJycG5sc05JUC1Fbk9xdm9hampvbUpBNDJrY24ya3M1ZEdBSEZCY1hLWG10ekZGNnBGdEVsZGVscjE3VDlZNXRwNnVuUUxOZi11TFpIUkgyMXpmUkZwOTNrREczSm9tc3o1NVpaM3JjSEloZmUtVGNqSDl0Zw?oc=5&hl=en-US&gl=US&ceid=US:en
   -> TEXT: '30.12.25 12:53' | STATUS: MATCHED_SCHEMA | INFO: (\d{2})\.(\d{2})\.(\d{2})\s+(\d{2}):(\d{2}) | DATE Элементы даты не найдены на https://news.google.com/rss/articles/CBMiqgFBVV95cUxQb1BwcTR1bS1LRVhaNHhnNkN5UGVxaXR0azFYMDEzVGxlYjE0Z3FubGpoSDVhcVJycG5sc05JUC1Fbk9xdm9hampvbUpBNDJrY24ya3M1ZEdBSEZCY1hLWG10ekZGNnBGdEVsZGVscjE3VDlZNXRwNnVuUUxOZi11TFpIUkgyMXpmUkZwOTNrREczSm9tc3o1NVpaM3JjSEloZmUtVGNqSDl0Zw?oc=5&hl=en-US&gl=US&ceid=US:en
   -> ATTR_DATETIME: [EMPTY]
   -> ATTR_CONTENT: [EMPTY]
   -> TEXT: '03.03.26 10:39' | STATUS: MATCHED_SCHEMA | INFO: (\d{2})\.(\d{2})\.(\d{2})\s+(\d{2}):(\d{2}) | DATE Элементы даты не найдены на https://news.google.com/rss/articles/CBMiqgFBVV95cUxQb1BwcTR1bS1LRVhaNHhnNkN5UGVxaXR0azFYMDEzVGxlYjE0Z3FubGpoSDVhcVJycG5sc05JUC1Fbk9xdm9hampvbUpBNDJrY24ya3M1ZEdBSEZCY1hLWG10ekZGNnBGdEVsZGVscjE3VDlZNXRwNnVuUUxOZi11TFpIUkgyMXpmUkZwOTNrREczSm9tc3o1NVpaM3JjSEloZmUtVGNqSDl0Zw?oc=5&hl=en-US&gl=US&ceid=US:en
   -> ATTR_DATETIME: [EMPTY]
   -> ATTR_CONTENT: [EMPTY]
   -> TEXT: 'вчера 11:10' | STATUS: MATCHED_DATEUTIL | INFO: fuzzy_parser | DATE Элементы даты не найдены на https://news.google.com/rss/articles/CBMiqgFBVV95cUxQb1BwcTR1bS1LRVhaNHhnNkN5UGVxaXR0azFYMDEzVGxlYjE0Z3FubGpoSDVhcVJycG5sc05JUC1Fbk9xdm9hampvbUpBNDJrY24ya3M1ZEdBSEZCY1hLWG10ekZGNnBGdEVsZGVscjE3VDlZNXRwNnVuUUxOZi11TFpIUkgyMXpmUkZwOTNrREczSm9tc3o1NVpaM3JjSEloZmUtVGNqSDl0Zw?oc=5&hl=en-US&gl=US&ceid=US:en
   -> ATTR_DATETIME: [EMPTY]
   -> ATTR_CONTENT: [EMPTY]
   -> TEXT: '03.03.26 13:54' | STATUS: MATCHED_SCHEMA | INFO: (\d{2})\.(\d{2})\.(\d{2})\s+(\d{2}):(\d{2}) | DATE Элементы даты не найдены на https://news.google.com/rss/articles/CBMiqgFBVV95cUxQb1BwcTR1bS1LRVhaNHhnNkN5UGVxaXR0azFYMDEzVGxlYjE0Z3FubGpoSDVhcVJycG5sc05JUC1Fbk9xdm9hampvbUpBNDJrY24ya3M1ZEdBSEZCY1hLWG10ekZGNnBGdEVsZGVscjE3VDlZNXRwNnVuUUxOZi11TFpIUkgyMXpmUkZwOTNrREczSm9tc3o1NVpaM3JjSEloZmUtVGNqSDl0Zw?oc=5&hl=en-US&gl=US&ceid=US:en
   -> ATTR_DATETIME: [EMPTY]
   -> ATTR_CONTENT: [EMPTY]
   -> TEXT: '03.03.26 10:45' | STATUS: MATCHED_SCHEMA | INFO: (\d{2})\.(\d{2})\.(\d{2})\s+(\d{2}):(\d{2}) | DATE Элементы даты не найдены на https://news.google.com/rss/articles/CBMiqgFBVV95cUxQb1BwcTR1bS1LRVhaNHhnNkN5UGVxaXR0azFYMDEzVGxlYjE0Z3FubGpoSDVhcVJycG5sc05JUC1Fbk9xdm9hampvbUpBNDJrY24ya3M1ZEdBSEZCY1hLWG10ekZGNnBGdEVsZGVscjE3VDlZNXRwNnVuUUxOZi11TFpIUkgyMXpmUkZwOTNrREczSm9tc3o1NVpaM3JjSEloZmUtVGNqSDl0Zw?oc=5&hl=en-US&gl=US&ceid=US:en
   -> ATTR_DATETIME: [EMPTY]
   -> ATTR_CONTENT: [EMPTY]
   -> TEXT: 'вчера 15:18' | STATUS: MATCHED_DATEUTIL | INFO: fuzzy_parser | DATE Элементы даты не найдены на https://news.google.com/rss/articles/CBMiqgFBVV95cUxQb1BwcTR1bS1LRVhaNHhnNkN5UGVxaXR0azFYMDEzVGxlYjE0Z3FubGpoSDVhcVJycG5sc05JUC1Fbk9xdm9hampvbUpBNDJrY24ya3M1ZEdBSEZCY1hLWG10ekZGNnBGdEVsZGVscjE3VDlZNXRwNnVuUUxOZi11TFpIUkgyMXpmUkZwOTNrREczSm9tc3o1NVpaM3JjSEloZmUtVGNqSDl0Zw?oc=5&hl=en-US&gl=US&ceid=US:en
   -> ATTR_DATETIME: [EMPTY]
   -> ATTR_CONTENT: [EMPTY]
   -> TEXT: '03.03.26 15:22' | STATUS: MATCHED_SCHEMA | INFO: (\d{2})\.(\d{2})\.(\d{2})\s+(\d{2}):(\d{2}) | DATE Элементы даты не найдены на https://news.google.com/rss/articles/CBMiqgFBVV95cUxQb1BwcTR1bS1LRVhaNHhnNkN5UGVxaXR0azFYMDEzVGxlYjE0Z3FubGpoSDVhcVJycG5sc05JUC1Fbk9xdm9hampvbUpBNDJrY24ya3M1ZEdBSEZCY1hLWG10ekZGNnBGdEVsZGVscjE3VDlZNXRwNnVuUUxOZi11TFpIUkgyMXpmUkZwOTNrREczSm9tc3o1NVpaM3JjSEloZmUtVGNqSDl0Zw?oc=5&hl=en-US&gl=US&ceid=US:en
   -> ATTR_DATETIME: [EMPTY]
   -> ATTR_CONTENT: [EMPTY]
   -> TEXT: '03.03.26 15:40' | STATUS: MATCHED_SCHEMA | INFO: (\d{2})\.(\d{2})\.(\d{2})\s+(\d{2}):(\d{2}) | DATE Элементы даты не найдены на https://news.google.com/rss/articles/CBMiqgFBVV95cUxQb1BwcTR1bS1LRVhaNHhnNkN5UGVxaXR0azFYMDEzVGxlYjE0Z3FubGpoSDVhcVJycG5sc05JUC1Fbk9xdm9hampvbUpBNDJrY24ya3M1ZEdBSEZCY1hLWG10ekZGNnBGdEVsZGVscjE3VDlZNXRwNnVuUUxOZi11TFpIUkgyMXpmUkZwOTNrREczSm9tc3o1NVpaM3JjSEloZmUtVGNqSDl0Zw?oc=5&hl=en-US&gl=US&ceid=US:en
   -> ATTR_DATETIME: [EMPTY]
   -> ATTR_CONTENT: [EMPTY]

[CHECKING JSON-LD]
Элемент не появился после 3 секунд, пробуем поиск по XPath
Поиск по XPath:
   -> No JSON-LD found
Скриншот сохранён
############################## END ANALYSIS ##############################


############################## START ANALYSIS: https://ufa.bfm.ru/news/67217 ##############################

[CHECKING JSON-LD]
Элемент не появился после 3 секунд, пробуем поиск по XPath
Поиск по XPath:
   -> No JSON-LD found
Скриншот сохранён
############################## END ANALYSIS ##############################


############################## START ANALYSIS: https://v-kurse-voronezh.ru/live-novosti/85563 ##############################

[CHECKING JSON-LD]
Элемент не появился после 3 секунд, пробуем поиск по XPath
Поиск по XPath:
   -> No JSON-LD found
Скриншот сохранён
############################## END ANALYSIS ##############################


############################## START ANALYSIS: https://itar-tasskuban.ru/novosti-rossii/finansy/uzhe-s-23-dekabrya-sberbank-predupredil-klientov-ob-izmeneniyah-pri-oplate-bankovskoj-kartoj.html ##############################

[CHECKING JSON-LD]
Элемент не появился после 3 секунд, пробуем поиск по XPath
Поиск по XPath:
   -> No JSON-LD found
Скриншот сохранён
############################## END ANALYSIS ##############################


############################## START ANALYSIS: https://prospect.com.ru/news/6415011/sberbank-predlogil-oplachivat-proezd-v-obschestvennom-transporte-sanktpeterburga-po-geopozitsii.html ##############################

[CHECKING JSON-LD]
Элемент не появился после 3 секунд, пробуем поиск по XPath
Поиск по XPath:
   -> No JSON-LD found
Скриншот сохранён
############################## END ANALYSIS ##############################


############################## START ANALYSIS: https://itar-tasskuban.ru/novosti-rossii/finansy/nelzya-govorit-rodstvennikam-sberbank-raskryl-novuyu-shemu-obmana.html ##############################

[CHECKING JSON-LD]
Элемент не появился после 3 секунд, пробуем поиск по XPath
Поиск по XPath:
   -> No JSON-LD found
Скриншот сохранён
############################## END ANALYSIS ##############################


############################## START ANALYSIS: https://prospect.com.ru/news/6419189/sberbank-zayavil-o-snigenii-moshennicheskih-hischenij-u-klientov-kuznetsov.html ##############################

[CHECKING JSON-LD]
Элемент не появился после 3 секунд, пробуем поиск по XPath
Поиск по XPath:
   -> No JSON-LD found
Скриншот сохранён
############################## END ANALYSIS ##############################


############################## START ANALYSIS: https://prospect.com.ru/news/6415011/sberbank-predlogil-oplachivat-proezd-v-obschestvennom-transporte-sanktpeterburga-po-geopozitsii.html ##############################

[CHECKING JSON-LD]
Элемент не появился после 3 секунд, пробуем поиск по XPath
Поиск по XPath:
   -> No JSON-LD found
Скриншот сохранён
############################## END ANALYSIS ##############################


############################## START ANALYSIS: http://sovch.chuvashia.com/?p=289291 ##############################

[CHECKING JSON-LD]
Элемент не появился после 3 секунд, пробуем поиск по XPath
Поиск по XPath:
   -> No JSON-LD found
Скриншот сохранён
############################## END ANALYSIS ##############################


############################## START ANALYSIS: https://prospect.com.ru/news/6428361/sberbank-perevel-kreditovanie-yurlits-s-zarubegnoj-pega-platform-na-sobstvennoe-reshenie-platform-v.html ##############################

[CHECKING JSON-LD]
Элемент не появился после 3 секунд, пробуем поиск по XPath
Поиск по XPath:
   -> No JSON-LD found
Скриншот сохранён
############################## END ANALYSIS ##############################


############################## START ANALYSIS: https://prospect.com.ru/news/6430975/v-2025-g-moshenniki-chasche-vsego-zvonili-aleksandram-i-elenam-servis-sberbank-opredelitel-nomera-pr.html ##############################

[CHECKING JSON-LD]
