
URL: https://news.google.com/rss/articles/CBMidkFVX3lxTE9ZeGJhRXhvWWE4OUNBNS1Wb3NPN1BoS0MyZGhxNjlTV3cwRl94WkV5WFNWQzZ0SExsUnRTN0c3aUtXQVhmeWJmQUVkWnJBX2YwcW9QUzdNYU1xQnhmRkdxNTJBRWo0TGhMdGV5NFd6OUNkTzRGV0E?oc=5&hl=en-US&gl=US&ceid=US:en
GNews Target: Mon, 01 Dec 2025 08:00:00 GMT
Found attempts:

URL: https://news.google.com/rss/articles/CBMivgFBVV95cUxOVkNfSW40ZG0zR1FTNm1idlZ0amxZTFpYN1RSWnN3bzlhOUMwOEUyRzBGWWpCam85aXJPM2JCQnQzV1drUll0MndrOVhOVy1aYzdkcmdhaG1iU2l6ZDg1MlF4R0huVEVFTU4tY1l0MUhWRXY4LU40dW1mNklKNjFaR3M1RkdjcjYxNnpHUkJFNjFMNW1MWEJ0S0h1elVCbU9aSXNuaXpkNnp2bm1qMS13NFFNSHBvTEFLLUNHWERB?oc=5&hl=en-US&gl=US&ceid=US:en
GNews Target: Mon, 01 Dec 2025 08:00:00 GMT
Found attempts:

URL: https://news.google.com/rss/articles/CBMiU0FVX3lxTE4wM0tnUjlvTDBZQzRqNTNkWlR3bHhObFR3Z1EzSHpNUzgxLUdiVWxHcUlrdm9JakNUXzcyWHMxTEVHMEo1cnVLWF85Ml9lNjZQbzdj?oc=5&hl=en-US&gl=US&ceid=US:en
GNews Target: Mon, 01 Dec 2025 08:00:00 GMT
Found attempts:

URL: https://news.google.com/rss/articles/CBMiswFBVV95cUxQYnBKSWNoVFZybEhaaTJsSlFFdXNPck9JNHNpTzhLVnQ2WUN6enJTbXJyaGh5d0hUNkxnR05aV3Rab3lSc25vNHhzTnRUamFfUVpnOGhoVVd5a1BCV09uSXZuM2U5RktmU21Vb0UtRGhLMTI3MlVuY25yaEotSG4yb0RYd1RkVno1NEpvOWgtbmljaF9sZFdqb1FZZldaQXQ5MDRYbE1Fa0wyTl9tcG5aRVM0QQ?oc=5&hl=en-US&gl=US&ceid=US:en
GNews Target: Tue, 02 Dec 2025 08:00:00 GMT
Found attempts:

URL: https://news.google.com/rss/articles/CBMivwFBVV95cUxNODRzeE1wd0ExclVVZEdSd25TYm5tSU9GY2NaTUE3bEdZYjNCaHVJT3J3RklpTGhpN09yX2RMZG5tSjlWaEF4V2FCeENwWnQxVXVRd1JuQWpsMUZFel9TempiZ1pkbWJrRkNwV2QxQmdjdW55b1EwNnlKZlRNUFdGMFcwbG1oYkREN2dhbTlGNGthaHFYMFhIT2FRcE1kMHpCTDF2U0R2MjA4NnpHODBDcmRBT2c0SzRsMU1Oazhabw?oc=5&hl=en-US&gl=US&ceid=US:en
GNews Target: Mon, 01 Dec 2025 08:00:00 GMT
Found attempts:

URL: https://news.google.com/rss/articles/CBMiWkFVX3lxTE5IVGVhWTRQZGlRSjYtNUNMdml6LVpUb2FTbHRFXzd0cHY5Q3dvRzNQTUFObmdGN0NIMmQxWVBza2d1YmxSa29ham0taVdJaVVoeTNFQUFTTGZmUQ?oc=5&hl=en-US&gl=US&ceid=US:en
GNews Target: Thu, 04 Dec 2025 08:00:00 GMT
Found attempts:

URL: https://news.google.com/rss/articles/CBMigAFBVV95cUxNVW4xS1VpODFEbTJrY01rcHA2Q3M5X1ZzWUYzY256ajkyNVhBYndVZm9qVERVcGJHMWREcVZINFM2MTg2bFpnblY0a1RmOTlaNXhSMEs4RG9PcVY5TmJ4OUlETTZSWVFUaklIZjZFSk00Wko3aHhMemdoaDVmUTRpRg?oc=5&hl=en-US&gl=US&ceid=US:en
GNews Target: Mon, 01 Dec 2025 08:00:00 GMT
Found attempts:

URL: https://news.google.com/rss/articles/CBMihAFBVV95cUxPWEw0eGdRLUtUOWZ1ZXVvVlhoSUhiVERXcWhxZklNTm42dElyMnpRY2t6X2lBNnlaeEh4Ti1BRng4bGdNYW9mU19RTnhDd2ZFQkZPbURmWGxObDdVb3h3OXlqNlpodU01QlJ3N2t3dm5nNTU2NVdDUFZ1a3pRbTVuU0czemzSAYoBQVVfeXFMTndWUmdGOFNsTGQtS2dxM1RnRmpud3A3emU4em5qYmFnVjVUT0tINXlPMVRjcllaQkp0Y2YzYUhHS2ZzcUU5WnQ2b3lNb0plNzROaFZUUHRwM0NtRkhvUk5FSl9jVXUyZW9WWnZDUVdWNndxaFFoWndKbU5jcUdHNmd5c3dMRjkxS3V3?oc=5&hl=en-US&gl=US&ceid=US:en
GNews Target: Tue, 02 Dec 2025 08:00:00 GMT
Found attempts:

URL: https://news.google.com/rss/articles/CBMiUkFVX3lxTFBrU1BmTktsRTZ6Z2hSalR6dEcxOTdYVTJMbWNfVlhyYTNHdnBmVTQ4Z2pSdVBpdktIRUFkSU9PajIySHVyaDg2anR4eEdMdTFuTXfSAUtBVV95cUxPazlCM3JIYmFXc05Za2tvUC1VZE9rZW51Tk1udEFuY1N3SnVtd2tmNi1aNXdZYi1TbGVmRUZYdEJqS2plYjgwVUFXQ0E?oc=5&hl=en-US&gl=US&ceid=US:en
GNews Target: Thu, 04 Dec 2025 08:00:00 GMT
Found attempts:

URL: https://news.google.com/rss/articles/CBMiQ0FVX3lxTE5vWnMzMldKUk1UaEJnSl85aFBuWXJ5V012bWxfZnhxNzFyTzlWTlEtbjdSTlliZFpXR3BSUVNZWHhuUUE?oc=5&hl=en-US&gl=US&ceid=US:en
GNews Target: Mon, 01 Dec 2025 08:00:00 GMT
Found attempts:

URL: https://news.google.com/rss/articles/CBMiogFBVV95cUxNNXpxUDViZ2Nva0MxdjBadDFwSzdlaHREUEcxNXRyM0dEMHZpbmEteVJHbU1rRWQzYnRTT2RvMm5XNGt4eUxIQ0c4WVppR09GTVBxLXBoRkl0REtXTXk4LThqbmw4OFZLaGgwS0NoQ2wwQ0pqUDJjQkdESlRYWmJrdVo3aERSb0tOckYyOWg2Z01JbXBKdGZuWG5yVDB2UU9jcXc?oc=5&hl=en-US&gl=US&ceid=US:en
GNews Target: Mon, 01 Dec 2025 08:00:00 GMT
Found attempts:

URL: https://news.google.com/rss/articles/CBMiqgFBVV95cUxQaVhvbDdZSHVDYTdvLXZJNmFiZklYUlpDZVhCRmZyTjgxSUZwSVIydWFVWElLUk9TcUhsbUR3Y3huLXo1dlZySHkyX1FUZDJKZ3I0ZVFXU1E1ek8xbm1iQU91N0VUX0dJbXNqNTNpRk8zYlZ1YWlSbTBic1p1WGRQc2hHZ3JabzA0eW9ORmdMd2c0UGNLamZkTU4zTEdBdWU5TllYNW5taV9kQQ?oc=5&hl=en-US&gl=US&ceid=US:en
GNews Target: Thu, 04 Dec 2025 08:00:00 GMT
Found attempts:

URL: https://news.google.com/rss/articles/CBMiWkFVX3lxTE1TclJaek5aMGFjWDliZF9vY1FfTnVleWhVTm1MRnQzbDFLbG50d25XZ3NySFVwUHczZWVnX3EzZlRJMXp4dUJZYmloaWVmc2xheUZJVjM0S2xpZw?oc=5&hl=en-US&gl=US&ceid=US:en
GNews Target: Wed, 03 Dec 2025 08:00:00 GMT
Found attempts:

URL: https://news.google.com/rss/articles/CBMiggFBVV95cUxQclEzNGJhanJvX08yWFlmaFJVSGNJREVsRXVXR1doYVVzd1ZHeXdLYzAyNmZWTjBSaU9JRno2OEhpMmprczhjZGtaQUVNbERRQkJ5YkEtN0VIakxLUUk4WHBnZ01VUVNBNmI4dGgwRWZQaTI4WWZNVVlXdVdUaVA1SThn?oc=5&hl=en-US&gl=US&ceid=US:en
GNews Target: Thu, 04 Dec 2025 08:00:00 GMT
Found attempts:

URL: https://news.google.com/rss/articles/CBMivgFBVV95cUxPSUYyTGtMWlFEMHFadUo5Z0Y2dnJoWUgwYUpYRW81UWg5d0pDVTJlSTVmcndiSXEzeE93TkFRcnNfazBYXzR1TFNWV0VpWFhGTHdaS3pIUkFwNjBjQlN4SXo0U1kzVU4zdGFMaEhGcEdkTjdselJNeGx0bGFCQ2Y0SmxHT0QzVnNVd2ZQTXNibkxybnY0enZ0THNVd1p2M0ZaN0FlVkFpZTZEZy1MaVF1MWFlcFpfR3BMaUdzR19n?oc=5&hl=en-US&gl=US&ceid=US:en
GNews Target: Thu, 04 Dec 2025 08:00:00 GMT
Found attempts:

URL: https://news.google.com/rss/articles/CBMiWkFVX3lxTE1VNTNPSEE3R01xampKc2hRMEtCN0FsNlp0dktBQ09xZG84eGlZbHg5VFE0ZHhsVUpMZFlBaWtrVDJ6RGFUNmlVa0lrTjN6ZU1IaEZBcDczRVRDdw?oc=5&hl=en-US&gl=US&ceid=US:en
GNews Target: Tue, 02 Dec 2025 08:00:00 GMT
Found attempts:

URL: https://news.google.com/rss/articles/CBMidkFVX3lxTE9uWkVVUnFmb1JzY3AtWGZoekFzZGJfMUcwdVI0X0JhTTJ6OEJEOFF1SVlITnJxMG9fdlRrV3hjUmh0ZHBiM3lxMEtkVXY0UUd5N2hZenZOcENwZWdTQlNDclUtazNfTkthYlRHWmlIT1RRQjJxd2c?oc=5&hl=en-US&gl=US&ceid=US:en
GNews Target: Thu, 04 Dec 2025 08:00:00 GMT
Found attempts:

URL: https://news.google.com/rss/articles/CBMiQ0FVX3lxTE01UG0xY1JSWmxEX0hvS3NrWU5meGxNWWRrbVJHNG9kX1IzWTBuVEFNZ1AwX2lkQW41XzBLMU5TelVCV3M?oc=5&hl=en-US&gl=US&ceid=US:en
GNews Target: Tue, 02 Dec 2025 08:00:00 GMT
Found attempts:

URL: https://news.google.com/rss/articles/CBMiUEFVX3lxTE9tNlc4a3NkQTVMSExlOVRvbGlTVDFxVmdsVXRfMnJ4M0ZaelhweDE3RHN1OVM4bGotemZtUVBmYlpFWnFpX3o2elMzVU9KUWR2?oc=5&hl=en-US&gl=US&ceid=US:en
GNews Target: Thu, 04 Dec 2025 08:00:00 GMT
Found attempts:

URL: https://news.google.com/rss/articles/CBMitgFBVV95cUxNOVdjM1VsSC1pa3UxV2hzNzF0LUtYRC1rS0o4OHRXNXRXVFpJVzhWbmZYMXFYUkhhTVBrTWZLX3NYV0FJQ1V3cmk1X0pSa0xhOEZKTmhZSUx3V2xEXzNEY210R0hRd1Rya2xtd2x2bHVVNERCbVpHa0prb1ZnYm5SS3B3ZlFOVVVMSVROYTk0NWxxRGJBSVI1LWZhdDJMZGh3U1R4MC14VGcyTjMwWVpHVllrV25kUQ?oc=5&hl=en-US&gl=US&ceid=US:en
GNews Target: Wed, 03 Dec 2025 08:00:00 GMT
Found attempts:

URL: https://news.google.com/rss/articles/CBMiiAFBVV95cUxOWXo2YjR5dWxJbnVPcjdIcXBlaU1xazdoNGFPX2J2NUNadnZJd0hlUmZXRmpzZnRLeGJKZTB2MEg5N2Y3SDR6eXRXNUVXZnBJVXBvV0t6QzFDaUNZTEk0VnFZOVhfVHJjdXBHV1RkdjZDdmxQcDc2SlFiem5jWFVJR3dsTWhCcDk5?oc=5&hl=en-US&gl=US&ceid=US:en
GNews Target: Tue, 02 Dec 2025 08:00:00 GMT
Found attempts:

URL: https://news.google.com/rss/articles/CBMiQkFVX3lxTFA4Y2RHWi1XOG9qLTNkdE0zRHRCUXFtYmxGREs1QlpyV0hFamZQOWloemthd0dXbVFkNGJjNnJhZ053Zw?oc=5&hl=en-US&gl=US&ceid=US:en
GNews Target: Mon, 01 Dec 2025 08:00:00 GMT
Found attempts:

URL: https://news.google.com/rss/articles/CBMiTkFVX3lxTE1QTXZ5S2J0Y1REQUs5ZWE3M3FOWTBENUFxSkI0c3Q5dVVQMFluamd1dGFjSkRaWlp3em5BV01KUmNJUWg2ZEFoYnN0QlFudw?oc=5&hl=en-US&gl=US&ceid=US:en
GNews Target: Tue, 02 Dec 2025 08:00:00 GMT
Found attempts:

URL: https://news.google.com/rss/articles/CBMivAFBVV95cUxOZVkzVUJDU2xhamxYMFliSXFWRW9sTFhrWDNEN0lmTi1FMDVBYktfZTJ1TFZIaHhfNFhBZnY2NFVjYzJZa2podjREMXVRNUxvdzhBc1ZRSW9zaUhFT0ZOVHJXWV93NG5OTTdUNTd3MDRxOEJQd2pPTDRkZnRoZ2o1eDZ4Sm5fbHQzNnNZby16em1sbXE5LU53TlVSZ0tRMHFFWmpVVC1lYVhuVnM2NXBaSldOckF5Q25MWXhSQw?oc=5&hl=en-US&gl=US&ceid=US:en
GNews Target: Thu, 04 Dec 2025 08:00:00 GMT
Found attempts:

URL: https://news.google.com/rss/articles/CBMiswFBVV95cUxPd3d3YTZjcXpjc3pQZjMtOTUxTlpuQ0R0ZE9ZcDhwbGpRczlBTmNkRkRUTi1Wd3lqUTlTUEVMS3ZmOXhKWTZ2ZDc5bkR0WW1XMVNCYTA1dk5rYVNycWZfbUxxbUZwdy1tSS1HeFh5Y3h1M2tPTHNoV2lKazlidVptNjhhZTR6aU4tUGhOZXdLOU1tWWJKblR1dlRCbVlsZnRVRmwyNWxWNjk1SkV5ZVhJclM4Zw?oc=5&hl=en-US&gl=US&ceid=US:en
GNews Target: Tue, 02 Dec 2025 08:00:00 GMT
Found attempts:

URL: https://news.google.com/rss/articles/CBMiwwFBVV95cUxPUmE0NXFXekN1bEZJbGZBNDlxdE1nazNYUlNLaklPbzNiSHU1V0k1bTlNenBOUXJsbE04dENzOEtJZ2UyTnhWbEdxQnFIRnZRSURmTGFwcHk2bm5USnVlYkVoOE1LZDZJdzR6V3RpWkFPV0VFS3RMZktsSHV4NHJjeFlSam1fWTRNRlFhcmJtdE9IMF8xUjd4UE5RejFYd3dJMDVmYTFTam9BeXkxX0ZoakFQeDctc1cwTDZkSk5nSXROdzQ?oc=5&hl=en-US&gl=US&ceid=US:en
GNews Target: Tue, 02 Dec 2025 08:00:00 GMT
Found attempts:

URL: https://news.google.com/rss/articles/CBMisgFBVV95cUxQWnBPQkFQQ05icTlUcjdmc0V2SUw4UV9qRnVCbkd3TlRFWkFZVTRNRVZDcDVibWNLUFczQTk5OUdJNV9EZnVYdk1kWnpPNTZ0ak5fRDJnZWFKNC12a0ZYTDByY180cWlNWHlhZHhtcTJZSW15VnFybjdwUDc0TTh0UkQ3ZTNmSDV6NmNqUjNrNmZxVXlCYnBaamVoRlF6RmhiSkZwdTBBQ3h6Q01pTFhycDhR?oc=5&hl=en-US&gl=US&ceid=US:en
GNews Target: Mon, 01 Dec 2025 08:00:00 GMT
Found attempts:

URL: https://news.google.com/rss/articles/CBMiuwFBVV95cUxNUTBjNUM2aTMtRTZpRFZ5Ym1UQ0dFNHhNazJad0pvMi1KVk9mdGpRc1VxUHlWVkYtMUEwLVZsX0s2QXJsRmpDVXBFQmstYjAzbnhOMnplY2cxcnlwMlNmLThEOC1ZeEVNdDhqcjExQTBtc1NKa1k2cDcyMVJvUFI5YVVBVUp5VWozbXlvMnp2RFo3TjRIaklQd3RoMDduY0xOZVByRU5RLU15Qkw3YnRQRTZjMl9xeXVpaDFR?oc=5&hl=en-US&gl=US&ceid=US:en
GNews Target: Mon, 01 Dec 2025 08:00:00 GMT
Found attempts:

URL: https://news.google.com/rss/articles/CBMiugFBVV95cUxQaU0tX0tTU0p2NTU2ZG9OYWx5TEwwZkQ3dG92bkFfRGI1c3R2Tjg5eE5XbE84VGtTTUFoVlpxeC1jWkpWUmhScmxuSktySnBIZzVxYzVCTWNWelNHaEZ1d0hEdzhVRDV3eUxEYXlhcFNKczlnWHNqb1Y3akZzQ05SWUMtU1M5eXNZZjFEY212dUE3Ry04Y0xZR1d5RnZuSmFBRzlZV2hrc0pVTEhDcHFWYkI2bWJaZFhuQVE?oc=5&hl=en-US&gl=US&ceid=US:en
GNews Target: Tue, 02 Dec 2025 08:00:00 GMT
Found attempts:

URL: https://news.google.com/rss/articles/CBMiS0FVX3lxTFBlcmRhWU5QazVPM0F5LWtocUFJUVd5ZWc2ODNfYlNsQ0tSVFE4WURybkdxS1BubnByWldtVFJoZVRDRmpVdTRDWm4taw?oc=5&hl=en-US&gl=US&ceid=US:en
GNews Target: Tue, 02 Dec 2025 08:00:00 GMT
Found attempts:

URL: https://news.google.com/rss/articles/CBMiQkFVX3lxTE1xRnVtRHhYaExoLUdSSkxHaEZFczJIZURseVlmMlJpUDNKRmljZ0x3dmkwdU12Y2FrZG5Fb0hnRDZqUQ?oc=5&hl=en-US&gl=US&ceid=US:en
GNews Target: Tue, 02 Dec 2025 08:00:00 GMT
Found attempts:

URL: https://news.google.com/rss/articles/CBMitgFBVV95cUxNRVpOLTVRMFZKN25PdjJqYjN2SUtfZ3JqcUgyTWpmQmRzZjBaQUxpQXlQMi04X1BFTjVrQ2FneVIwclpYdnYxMTgyMmxmX1NRdkdBV3R5NnJpWXJ5NFFjM3BWZUt4TlZ4VVVJbXRIZXpvZkx0S3RpMTNlMG5DNWlzZVhGZjdGb213N2V0VWF3cy1BN1M3YjlPWUU1V0JnNGlEcXdCVUNYMXZqSjd0bmludUI0UWN5UdIBvgFBVV95cUxQSllfRnQxdnJ1T1ZnRjduQ0lES2hSRHl1RkVmZ1EyaTlRUEh3WVlFX2NjRGRGZDFYY1RpaTM5ZzFNX2tVaVA1c0sxS3pOcTVHM3RZWnNGWENTUnAxZm1IZ2tPbmIzLTBGVm11NFFWTlJMblAtVGNFYnNkaW9tV1EzRnZvQWVQaHZFaE5IWkhnNkZYcE8yNnh1Ym9QWTEtM1BxQ29fRllZVG9wc19iOVZFX3JfTlJxNVVOMkNGQmNn?oc=5&hl=en-US&gl=US&ceid=US:en
GNews Target: Mon, 01 Dec 2025 08:00:00 GMT
Found attempts:
